[2025-04-06 10:02:53] INFO (70315 on Jermaines-MacBook-Pro.local): Server running on port 4000
[2025-04-06 10:02:54] INFO (70315 on Jermaines-MacBook-Pro.local): Redis Connected!
[2025-04-06 10:02:56] INFO (70376 on Jermaines-MacBook-Pro.local): Server running on port 4000
[2025-04-06 10:02:56] INFO (70376 on Jermaines-MacBook-Pro.local): Redis Connected!
[2025-04-06 10:03:52] INFO (70587 on Jermaines-MacBook-Pro.local): Server running on port 4000
[2025-04-06 10:03:52] INFO (70587 on Jermaines-MacBook-Pro.local): Redis Connected!
[2025-04-06 10:07:15] INFO (71538 on Jermaines-MacBook-Pro.local): Server running on port 4000
[2025-04-06 10:07:15] INFO (71538 on Jermaines-MacBook-Pro.local): Redis Connected!
[2025-04-06 10:07:19] INFO (71597 on Jermaines-MacBook-Pro.local): Server running on port 4000
[2025-04-06 10:07:19] INFO (71597 on Jermaines-MacBook-Pro.local): Redis Connected!
[2025-04-06 10:07:23] INFO (71657 on Jermaines-MacBook-Pro.local): Server running on port 4000
[2025-04-06 10:07:23] INFO (71657 on Jermaines-MacBook-Pro.local): Redis Connected!
[2025-04-06 10:07:26] INFO (71705 on Jermaines-MacBook-Pro.local): Server running on port 4000
[2025-04-06 10:07:26] INFO (71705 on Jermaines-MacBook-Pro.local): Redis Connected!
[2025-04-06 10:07:42] INFO (71829 on Jermaines-MacBook-Pro.local): Server running on port 4000
[2025-04-06 10:07:42] INFO (71829 on Jermaines-MacBook-Pro.local): Redis Connected!
[2025-04-06 10:07:45] INFO (71883 on Jermaines-MacBook-Pro.local): Server running on port 4000
[2025-04-06 10:07:45] INFO (71883 on Jermaines-MacBook-Pro.local): Redis Connected!
[2025-04-06 10:07:54] INFO (71961 on Jermaines-MacBook-Pro.local): Server running on port 4000
[2025-04-06 10:07:54] INFO (71961 on Jermaines-MacBook-Pro.local): Redis Connected!
[2025-04-06 10:07:59] INFO (72020 on Jermaines-MacBook-Pro.local): Server running on port 4000
[2025-04-06 10:07:59] INFO (72020 on Jermaines-MacBook-Pro.local): Redis Connected!
[2025-04-06 10:08:06] INFO (72086 on Jermaines-MacBook-Pro.local): Server running on port 4000
[2025-04-06 10:08:06] INFO (72086 on Jermaines-MacBook-Pro.local): Redis Connected!
[2025-04-06 10:19:23] INFO (74013 on Jermaines-MacBook-Pro.local): Server running on port 4000
[2025-04-06 10:19:23] INFO (74013 on Jermaines-MacBook-Pro.local): Redis Connected!
[2025-04-06 10:21:39] INFO (74552 on Jermaines-MacBook-Pro.local): Server running on port 4000
[2025-04-06 10:21:39] INFO (74552 on Jermaines-MacBook-Pro.local): Redis Connected!
[2025-04-06 10:22:00] INFO (74552 on Jermaines-MacBook-Pro.local): Deactivated 0 users due to expired passwords.
[2025-04-06 10:22:36] INFO (74776 on Jermaines-MacBook-Pro.local): Server running on port 4000
[2025-04-06 10:22:36] INFO (74776 on Jermaines-MacBook-Pro.local): Redis Connected!
[2025-04-06 10:23:00] INFO (74776 on Jermaines-MacBook-Pro.local): Deactivated 0 users due to expired passwords.
[2025-04-06 10:24:00] INFO (74776 on Jermaines-MacBook-Pro.local): Deactivated 0 users due to expired passwords.
[2025-04-06 10:25:00] INFO (74776 on Jermaines-MacBook-Pro.local): Deactivated 0 users due to expired passwords.
[2025-04-06 10:25:17] INFO (75321 on Jermaines-MacBook-Pro.local): Server running on port 4000
[2025-04-06 10:25:17] INFO (75321 on Jermaines-MacBook-Pro.local): Redis Connected!
[2025-04-06 10:26:00] INFO (75321 on Jermaines-MacBook-Pro.local): Deactivated 0 users due to expired passwords.
[2025-04-06 10:27:00] INFO (75321 on Jermaines-MacBook-Pro.local): Deactivated 0 users due to expired passwords.
[2025-04-06 10:28:00] INFO (75321 on Jermaines-MacBook-Pro.local): Deactivated 0 users due to expired passwords.
[2025-04-06 10:29:00] INFO (75321 on Jermaines-MacBook-Pro.local): Deactivated 0 users due to expired passwords.
[2025-04-06 10:29:37] INFO (76249 on Jermaines-MacBook-Pro.local): Server running on port 4000
[2025-04-06 10:29:37] INFO (76249 on Jermaines-MacBook-Pro.local): Redis Connected!
[2025-04-06 10:29:38] INFO (76294 on Jermaines-MacBook-Pro.local): Server running on port 4000
[2025-04-06 10:29:38] INFO (76294 on Jermaines-MacBook-Pro.local): Redis Connected!
[2025-04-06 10:29:40] INFO (76339 on Jermaines-MacBook-Pro.local): Server running on port 4000
[2025-04-06 10:29:40] INFO (76339 on Jermaines-MacBook-Pro.local): Redis Connected!
[2025-04-06 10:30:53] INFO (76831 on Jermaines-MacBook-Pro.local): Server running on port 4000
[2025-04-06 10:30:53] INFO (76831 on Jermaines-MacBook-Pro.local): Redis Connected!
[2025-04-06 10:30:56] INFO (76882 on Jermaines-MacBook-Pro.local): Server running on port 4000
[2025-04-06 10:30:56] INFO (76882 on Jermaines-MacBook-Pro.local): Redis Connected!
[2025-04-06 10:31:00] INFO (76882 on Jermaines-MacBook-Pro.local): Deactivated 0 users due to expired passwords.
[2025-04-06 10:31:08] INFO (76992 on Jermaines-MacBook-Pro.local): Server running on port 4000
[2025-04-06 10:31:08] INFO (76992 on Jermaines-MacBook-Pro.local): Redis Connected!
[2025-04-06 10:37:41] INFO (77918 on Jermaines-MacBook-Pro.local): Server running on port 4000
[2025-04-06 10:37:41] INFO (77918 on Jermaines-MacBook-Pro.local): Redis Connected!
[2025-04-06 10:37:42] INFO (77957 on Jermaines-MacBook-Pro.local): Server running on port 4000
[2025-04-06 10:37:42] INFO (77957 on Jermaines-MacBook-Pro.local): Redis Connected!
[2025-04-06 10:37:45] INFO (78003 on Jermaines-MacBook-Pro.local): Server running on port 4000
[2025-04-06 10:37:45] INFO (78003 on Jermaines-MacBook-Pro.local): Redis Connected!
[2025-04-06 10:37:47] INFO (78055 on Jermaines-MacBook-Pro.local): Server running on port 4000
[2025-04-06 10:37:47] INFO (78055 on Jermaines-MacBook-Pro.local): Redis Connected!
[2025-04-06 10:40:01] INFO (78518 on Jermaines-MacBook-Pro.local): Server running on port 4000
[2025-04-06 10:40:01] INFO (78518 on Jermaines-MacBook-Pro.local): Redis Connected!
[2025-04-06 10:40:29] INFO (78664 on Jermaines-MacBook-Pro.local): Server running on port 4000
[2025-04-06 10:40:29] INFO (78664 on Jermaines-MacBook-Pro.local): Redis Connected!
[2025-04-06 2:37:20] INFO (94567 on Jermaines-MacBook-Pro.local): Server running on port 4000
[2025-04-06 2:37:20] INFO (94567 on Jermaines-MacBook-Pro.local): Redis Connected!
[2025-04-06 2:37:37] INFO (94763 on Jermaines-MacBook-Pro.local): Server running on port 4000
[2025-04-06 2:37:37] INFO (94763 on Jermaines-MacBook-Pro.local): Redis Connected!
[2025-04-06 2:37:39] INFO (94807 on Jermaines-MacBook-Pro.local): Server running on port 4000
[2025-04-06 2:37:39] INFO (94807 on Jermaines-MacBook-Pro.local): Redis Connected!
[2025-04-06 2:37:55] INFO (94920 on Jermaines-MacBook-Pro.local): Server running on port 4000
[2025-04-06 2:37:55] INFO (94920 on Jermaines-MacBook-Pro.local): Redis Connected!
[2025-04-06 2:38:00] INFO (94980 on Jermaines-MacBook-Pro.local): Server running on port 4000
[2025-04-06 2:38:00] INFO (94980 on Jermaines-MacBook-Pro.local): Redis Connected!
[2025-04-06 2:38:18] INFO (95132 on Jermaines-MacBook-Pro.local): Server running on port 4000
[2025-04-06 2:38:18] INFO (95132 on Jermaines-MacBook-Pro.local): Redis Connected!
[2025-04-06 2:38:21] INFO (95191 on Jermaines-MacBook-Pro.local): Server running on port 4000
[2025-04-06 2:38:21] INFO (95191 on Jermaines-MacBook-Pro.local): Redis Connected!
[2025-04-06 2:40:17] INFO (95647 on Jermaines-MacBook-Pro.local): Server running on port 4000
[2025-04-06 2:40:17] INFO (95647 on Jermaines-MacBook-Pro.local): Redis Connected!
[2025-04-06 2:44:40] INFO (97079 on Jermaines-MacBook-Pro.local): Server running on port 4000
[2025-04-06 2:44:40] INFO (97079 on Jermaines-MacBook-Pro.local): Redis Connected!
[2025-04-06 3:12:36] INFO (4100 on Jermaines-MacBook-Pro.local): Server running on port 4000
[2025-04-06 3:12:36] INFO (4100 on Jermaines-MacBook-Pro.local): Redis Connected!
[2025-04-06 3:13:18] INFO (4284 on Jermaines-MacBook-Pro.local): Server running on port 4000
[2025-04-06 3:13:18] INFO (4284 on Jermaines-MacBook-Pro.local): Redis Connected!
[2025-04-06 3:13:33] INFO (4376 on Jermaines-MacBook-Pro.local): Server running on port 4000
[2025-04-06 3:13:33] INFO (4376 on Jermaines-MacBook-Pro.local): Redis Connected!
[2025-04-06 3:14:06] INFO (4523 on Jermaines-MacBook-Pro.local): Server running on port 4000
[2025-04-06 3:14:06] INFO (4523 on Jermaines-MacBook-Pro.local): Redis Connected!
[2025-04-06 3:14:12] INFO (4590 on Jermaines-MacBook-Pro.local): Server running on port 4000
[2025-04-06 3:14:12] INFO (4590 on Jermaines-MacBook-Pro.local): Redis Connected!
[2025-04-06 3:14:16] INFO (4646 on Jermaines-MacBook-Pro.local): Server running on port 4000
[2025-04-06 3:14:16] INFO (4646 on Jermaines-MacBook-Pro.local): Redis Connected!
[2025-04-06 3:14:24] INFO (4718 on Jermaines-MacBook-Pro.local): Server running on port 4000
[2025-04-06 3:14:24] INFO (4718 on Jermaines-MacBook-Pro.local): Redis Connected!
[2025-04-06 3:14:58] INFO (4857 on Jermaines-MacBook-Pro.local): Server running on port 4000
[2025-04-06 3:14:58] INFO (4857 on Jermaines-MacBook-Pro.local): Redis Connected!
[2025-04-06 3:15:02] INFO (4921 on Jermaines-MacBook-Pro.local): Server running on port 4000
[2025-04-06 3:15:02] INFO (4921 on Jermaines-MacBook-Pro.local): Redis Connected!
[2025-04-06 3:15:06] INFO (4975 on Jermaines-MacBook-Pro.local): Server running on port 4000
[2025-04-06 3:15:06] INFO (4975 on Jermaines-MacBook-Pro.local): Redis Connected!
[2025-04-06 3:15:14] INFO (5046 on Jermaines-MacBook-Pro.local): Server running on port 4000
[2025-04-06 3:15:14] INFO (5046 on Jermaines-MacBook-Pro.local): Redis Connected!
[2025-04-06 3:15:39] INFO (5170 on Jermaines-MacBook-Pro.local): Server running on port 4000
[2025-04-06 3:15:39] INFO (5170 on Jermaines-MacBook-Pro.local): Redis Connected!
[2025-04-06 3:15:44] INFO (5229 on Jermaines-MacBook-Pro.local): Server running on port 4000
[2025-04-06 3:15:44] INFO (5229 on Jermaines-MacBook-Pro.local): Redis Connected!
[2025-04-06 3:15:50] INFO (5293 on Jermaines-MacBook-Pro.local): Server running on port 4000
[2025-04-06 3:15:50] INFO (5293 on Jermaines-MacBook-Pro.local): Redis Connected!
[2025-04-06 3:15:56] INFO (5360 on Jermaines-MacBook-Pro.local): Server running on port 4000
[2025-04-06 3:15:56] INFO (5360 on Jermaines-MacBook-Pro.local): Redis Connected!
[2025-04-06 3:16:36] INFO (5525 on Jermaines-MacBook-Pro.local): Server running on port 4000
[2025-04-06 3:16:36] INFO (5525 on Jermaines-MacBook-Pro.local): Redis Connected!
[2025-04-06 3:16:42] INFO (5584 on Jermaines-MacBook-Pro.local): Server running on port 4000
[2025-04-06 3:16:42] INFO (5584 on Jermaines-MacBook-Pro.local): Redis Connected!
[2025-04-06 3:16:45] INFO (5642 on Jermaines-MacBook-Pro.local): Server running on port 4000
[2025-04-06 3:16:45] INFO (5642 on Jermaines-MacBook-Pro.local): Redis Connected!
[2025-04-06 3:17:05] INFO (5751 on Jermaines-MacBook-Pro.local): Server running on port 4000
[2025-04-06 3:17:05] INFO (5751 on Jermaines-MacBook-Pro.local): Redis Connected!
[2025-04-06 3:17:20] INFO (5845 on Jermaines-MacBook-Pro.local): Server running on port 4000
[2025-04-06 3:17:20] INFO (5845 on Jermaines-MacBook-Pro.local): Redis Connected!
[2025-04-06 3:17:25] INFO (5909 on Jermaines-MacBook-Pro.local): Server running on port 4000
[2025-04-06 3:17:25] INFO (5909 on Jermaines-MacBook-Pro.local): Redis Connected!
[2025-04-06 3:17:29] INFO (6002 on Jermaines-MacBook-Pro.local): Server running on port 4000
[2025-04-06 3:17:29] INFO (6002 on Jermaines-MacBook-Pro.local): Redis Connected!
[2025-04-06 3:17:32] INFO (6062 on Jermaines-MacBook-Pro.local): Server running on port 4000
[2025-04-06 3:17:32] INFO (6062 on Jermaines-MacBook-Pro.local): Redis Connected!
[2025-04-06 3:19:31] INFO (6846 on Jermaines-MacBook-Pro.local): Server running on port 4000
[2025-04-06 3:19:31] INFO (6846 on Jermaines-MacBook-Pro.local): Redis Connected!
[2025-04-06 3:20:34] INFO (7081 on Jermaines-MacBook-Pro.local): Server running on port 4000
[2025-04-06 3:20:34] INFO (7081 on Jermaines-MacBook-Pro.local): Redis Connected!
[2025-04-06 3:20:37] INFO (7141 on Jermaines-MacBook-Pro.local): Server running on port 4000
[2025-04-06 3:20:37] INFO (7141 on Jermaines-MacBook-Pro.local): Redis Connected!
[2025-04-06 3:20:39] INFO (7185 on Jermaines-MacBook-Pro.local): Server running on port 4000
[2025-04-06 3:20:39] INFO (7185 on Jermaines-MacBook-Pro.local): Redis Connected!
[2025-04-06 3:20:40] INFO (7238 on Jermaines-MacBook-Pro.local): Server running on port 4000
[2025-04-06 3:20:40] INFO (7238 on Jermaines-MacBook-Pro.local): Redis Connected!
[2025-04-06 3:20:53] INFO (7354 on Jermaines-MacBook-Pro.local): Server running on port 4000
[2025-04-06 3:20:53] INFO (7354 on Jermaines-MacBook-Pro.local): Redis Connected!
[2025-04-06 3:28:03] INFO (8845 on Jermaines-MacBook-Pro.local): Server running on port 4000
[2025-04-06 3:28:04] INFO (8845 on Jermaines-MacBook-Pro.local): Redis Connected!
[2025-04-06 3:28:49] INFO (9037 on Jermaines-MacBook-Pro.local): Server running on port 4000
[2025-04-06 3:28:49] INFO (9037 on Jermaines-MacBook-Pro.local): Redis Connected!
[2025-04-06 3:29:24] INFO (9190 on Jermaines-MacBook-Pro.local): Server running on port 4000
[2025-04-06 3:29:24] INFO (9190 on Jermaines-MacBook-Pro.local): Redis Connected!
[2025-04-06 3:29:27] INFO (9243 on Jermaines-MacBook-Pro.local): Server running on port 4000
[2025-04-06 3:29:27] INFO (9243 on Jermaines-MacBook-Pro.local): Redis Connected!
[2025-04-06 3:31:28] INFO (9705 on Jermaines-MacBook-Pro.local): Server running on port 4000
[2025-04-06 3:31:28] INFO (9705 on Jermaines-MacBook-Pro.local): Redis Connected!
[2025-04-06 3:35:22] INFO (10740 on Jermaines-MacBook-Pro.local): Server running on port 4000
[2025-04-06 3:35:22] INFO (10740 on Jermaines-MacBook-Pro.local): Redis Connected!
[2025-04-06 3:39:11] INFO (11518 on Jermaines-MacBook-Pro.local): Server running on port 4000
[2025-04-06 3:39:11] INFO (11518 on Jermaines-MacBook-Pro.local): Redis Connected!
[2025-04-06 3:39:16] INFO (11585 on Jermaines-MacBook-Pro.local): Server running on port 4000
[2025-04-06 3:39:16] INFO (11585 on Jermaines-MacBook-Pro.local): Redis Connected!
[2025-04-06 3:39:31] INFO (11709 on Jermaines-MacBook-Pro.local): Server running on port 4000
[2025-04-06 3:39:31] INFO (11709 on Jermaines-MacBook-Pro.local): Redis Connected!
[2025-04-06 3:39:35] INFO (11801 on Jermaines-MacBook-Pro.local): Server running on port 4000
[2025-04-06 3:39:35] INFO (11801 on Jermaines-MacBook-Pro.local): Redis Connected!
[2025-04-06 3:39:41] INFO (11881 on Jermaines-MacBook-Pro.local): Server running on port 4000
[2025-04-06 3:39:41] INFO (11881 on Jermaines-MacBook-Pro.local): Redis Connected!
[2025-04-06 3:42:28] INFO (12434 on Jermaines-MacBook-Pro.local): Server running on port 4000
[2025-04-06 3:42:28] INFO (12434 on Jermaines-MacBook-Pro.local): Redis Connected!
[2025-04-06 3:42:32] INFO (12502 on Jermaines-MacBook-Pro.local): Server running on port 4000
[2025-04-06 3:42:32] INFO (12502 on Jermaines-MacBook-Pro.local): Redis Connected!
[2025-04-06 3:42:39] INFO (12571 on Jermaines-MacBook-Pro.local): Server running on port 4000
[2025-04-06 3:42:39] INFO (12571 on Jermaines-MacBook-Pro.local): Redis Connected!
[2025-04-06 3:42:40] INFO (12615 on Jermaines-MacBook-Pro.local): Server running on port 4000
[2025-04-06 3:42:40] INFO (12615 on Jermaines-MacBook-Pro.local): Redis Connected!
[2025-04-06 3:42:44] INFO (12672 on Jermaines-MacBook-Pro.local): Server running on port 4000
[2025-04-06 3:42:44] INFO (12672 on Jermaines-MacBook-Pro.local): Redis Connected!
[2025-04-06 3:42:50] INFO (12739 on Jermaines-MacBook-Pro.local): Server running on port 4000
[2025-04-06 3:42:50] INFO (12739 on Jermaines-MacBook-Pro.local): Redis Connected!
[2025-04-06 3:42:55] INFO (12844 on Jermaines-MacBook-Pro.local): Server running on port 4000
[2025-04-06 3:42:55] INFO (12844 on Jermaines-MacBook-Pro.local): Redis Connected!
[2025-04-06 3:42:58] INFO (12895 on Jermaines-MacBook-Pro.local): Server running on port 4000
[2025-04-06 3:42:58] INFO (12895 on Jermaines-MacBook-Pro.local): Redis Connected!
[2025-04-06 3:44:06] INFO (13194 on Jermaines-MacBook-Pro.local): Server running on port 4000
[2025-04-06 3:44:06] INFO (13194 on Jermaines-MacBook-Pro.local): Redis Connected!
[2025-04-06 3:46:46] INFO (13787 on Jermaines-MacBook-Pro.local): Server running on port 4000
[2025-04-06 3:46:46] INFO (13787 on Jermaines-MacBook-Pro.local): Redis Connected!
[2025-04-06 3:46:52] INFO (13851 on Jermaines-MacBook-Pro.local): Server running on port 4000
[2025-04-06 3:46:52] INFO (13851 on Jermaines-MacBook-Pro.local): Redis Connected!
[2025-04-06 3:49:30] INFO (14446 on Jermaines-MacBook-Pro.local): Server running on port 4000
[2025-04-06 3:49:30] INFO (14446 on Jermaines-MacBook-Pro.local): Redis Connected!
[2025-04-06 3:50:16] INFO (14702 on Jermaines-MacBook-Pro.local): Server running on port 4000
[2025-04-06 3:50:16] INFO (14702 on Jermaines-MacBook-Pro.local): Redis Connected!
[2025-04-06 3:53:25] INFO (15511 on Jermaines-MacBook-Pro.local): Server running on port 4000
[2025-04-06 3:53:25] INFO (15511 on Jermaines-MacBook-Pro.local): Redis Connected!
[2025-04-06 3:55:35] INFO (15997 on Jermaines-MacBook-Pro.local): Server running on port 4000
[2025-04-06 3:55:35] INFO (15997 on Jermaines-MacBook-Pro.local): Redis Connected!
[2025-04-06 3:56:52] INFO (16299 on Jermaines-MacBook-Pro.local): Server running on port 4000
[2025-04-06 3:56:52] INFO (16299 on Jermaines-MacBook-Pro.local): Redis Connected!
[2025-04-06 3:57:03] INFO (16378 on Jermaines-MacBook-Pro.local): Server running on port 4000
[2025-04-06 3:57:03] INFO (16378 on Jermaines-MacBook-Pro.local): Redis Connected!
[2025-04-06 3:57:07] INFO (16436 on Jermaines-MacBook-Pro.local): Server running on port 4000
[2025-04-06 3:57:07] INFO (16436 on Jermaines-MacBook-Pro.local): Redis Connected!
[2025-04-06 3:58:04] INFO (16663 on Jermaines-MacBook-Pro.local): Server running on port 4000
[2025-04-06 3:58:04] INFO (16663 on Jermaines-MacBook-Pro.local): Redis Connected!
[2025-04-06 3:58:10] INFO (16726 on Jermaines-MacBook-Pro.local): Server running on port 4000
[2025-04-06 3:58:10] INFO (16726 on Jermaines-MacBook-Pro.local): Redis Connected!
[2025-04-06 3:58:13] INFO (16792 on Jermaines-MacBook-Pro.local): Server running on port 4000
[2025-04-06 3:58:13] INFO (16792 on Jermaines-MacBook-Pro.local): Redis Connected!
[2025-04-06 3:58:15] INFO (16842 on Jermaines-MacBook-Pro.local): Server running on port 4000
[2025-04-06 3:58:15] INFO (16842 on Jermaines-MacBook-Pro.local): Redis Connected!
[2025-04-06 3:58:19] INFO (16897 on Jermaines-MacBook-Pro.local): Server running on port 4000
[2025-04-06 3:58:19] INFO (16897 on Jermaines-MacBook-Pro.local): Redis Connected!
[2025-04-06 3:58:25] INFO (16965 on Jermaines-MacBook-Pro.local): Server running on port 4000
[2025-04-06 3:58:25] INFO (16965 on Jermaines-MacBook-Pro.local): Redis Connected!
[2025-04-06 3:58:32] INFO (17090 on Jermaines-MacBook-Pro.local): Server running on port 4000
[2025-04-06 3:58:32] INFO (17090 on Jermaines-MacBook-Pro.local): Redis Connected!
[2025-04-06 4:01:59] INFO (17822 on Jermaines-MacBook-Pro.local): Server running on port 4000
[2025-04-06 4:01:59] INFO (17822 on Jermaines-MacBook-Pro.local): Redis Connected!
[2025-04-06 4:03:18] INFO (18225 on Jermaines-MacBook-Pro.local): Server running on port 4000
[2025-04-06 4:03:18] INFO (18225 on Jermaines-MacBook-Pro.local): Redis Connected!
[2025-04-06 4:03:25] INFO (18290 on Jermaines-MacBook-Pro.local): Server running on port 4000
[2025-04-06 4:03:25] INFO (18290 on Jermaines-MacBook-Pro.local): Redis Connected!
[2025-04-06 4:03:35] INFO (18393 on Jermaines-MacBook-Pro.local): Server running on port 4000
[2025-04-06 4:03:35] INFO (18393 on Jermaines-MacBook-Pro.local): Redis Connected!
[2025-04-06 4:03:40] INFO (18468 on Jermaines-MacBook-Pro.local): Server running on port 4000
[2025-04-06 4:03:40] INFO (18468 on Jermaines-MacBook-Pro.local): Redis Connected!
[2025-04-06 4:03:45] INFO (18532 on Jermaines-MacBook-Pro.local): Server running on port 4000
[2025-04-06 4:03:45] INFO (18532 on Jermaines-MacBook-Pro.local): Redis Connected!
[2025-04-06 4:03:52] INFO (18597 on Jermaines-MacBook-Pro.local): Server running on port 4000
[2025-04-06 4:03:52] INFO (18597 on Jermaines-MacBook-Pro.local): Redis Connected!
[2025-04-06 4:05:53] INFO (19064 on Jermaines-MacBook-Pro.local): Server running on port 4000
[2025-04-06 4:05:53] INFO (19064 on Jermaines-MacBook-Pro.local): Redis Connected!
[2025-04-06 4:06:27] INFO (19253 on Jermaines-MacBook-Pro.local): Server running on port 4000
[2025-04-06 4:06:27] INFO (19253 on Jermaines-MacBook-Pro.local): Redis Connected!
[2025-04-06 4:10:10] INFO (20247 on Jermaines-MacBook-Pro.local): Server running on port 4000
[2025-04-06 4:10:10] INFO (20247 on Jermaines-MacBook-Pro.local): Redis Connected!
[2025-04-06 4:16:24] INFO (21636 on Jermaines-MacBook-Pro.local): Server running on port 4000
[2025-04-06 4:16:24] INFO (21636 on Jermaines-MacBook-Pro.local): Redis Connected!
[2025-04-06 4:16:28] INFO (21693 on Jermaines-MacBook-Pro.local): Server running on port 4000
[2025-04-06 4:16:28] INFO (21693 on Jermaines-MacBook-Pro.local): Redis Connected!
[2025-04-06 4:16:32] INFO (21750 on Jermaines-MacBook-Pro.local): Server running on port 4000
[2025-04-06 4:16:32] INFO (21750 on Jermaines-MacBook-Pro.local): Redis Connected!
[2025-04-06 4:16:58] INFO (21899 on Jermaines-MacBook-Pro.local): Server running on port 4000
[2025-04-06 4:16:58] INFO (21899 on Jermaines-MacBook-Pro.local): Redis Connected!
[2025-04-06 4:18:12] INFO (22283 on Jermaines-MacBook-Pro.local): Server running on port 4000
[2025-04-06 4:18:12] INFO (22283 on Jermaines-MacBook-Pro.local): Redis Connected!
[2025-04-06 4:19:13] INFO (22519 on Jermaines-MacBook-Pro.local): Server running on port 4000
[2025-04-06 4:19:13] INFO (22519 on Jermaines-MacBook-Pro.local): Redis Connected!
[2025-04-06 4:19:18] INFO (22586 on Jermaines-MacBook-Pro.local): Server running on port 4000
[2025-04-06 4:19:18] INFO (22586 on Jermaines-MacBook-Pro.local): Redis Connected!
[2025-04-06 4:19:31] INFO (22714 on Jermaines-MacBook-Pro.local): Server running on port 4000
[2025-04-06 4:19:31] INFO (22714 on Jermaines-MacBook-Pro.local): Redis Connected!
[2025-04-06 4:20:53] INFO (23129 on Jermaines-MacBook-Pro.local): Server running on port 4000
[2025-04-06 4:20:53] INFO (23129 on Jermaines-MacBook-Pro.local): Redis Connected!
[2025-04-06 4:22:20] INFO (23436 on Jermaines-MacBook-Pro.local): Server running on port 4000
[2025-04-06 4:22:20] INFO (23436 on Jermaines-MacBook-Pro.local): Redis Connected!
[2025-04-06 4:22:25] INFO (23496 on Jermaines-MacBook-Pro.local): Server running on port 4000
[2025-04-06 4:22:25] INFO (23496 on Jermaines-MacBook-Pro.local): Redis Connected!
[2025-04-06 4:25:01] INFO (24012 on Jermaines-MacBook-Pro.local): Server running on port 4000
[2025-04-06 4:25:01] INFO (24012 on Jermaines-MacBook-Pro.local): Redis Connected!
[2025-04-06 4:46:00] INFO (26709 on Jermaines-MacBook-Pro.local): Server running on port 4000
[2025-04-06 4:46:00] INFO (26709 on Jermaines-MacBook-Pro.local): Redis Connected!
[2025-04-06 4:46:06] INFO (26780 on Jermaines-MacBook-Pro.local): Server running on port 4000
[2025-04-06 4:46:06] INFO (26780 on Jermaines-MacBook-Pro.local): Redis Connected!
[2025-04-06 4:46:13] INFO (26851 on Jermaines-MacBook-Pro.local): Server running on port 4000
[2025-04-06 4:46:13] INFO (26851 on Jermaines-MacBook-Pro.local): Redis Connected!
[2025-04-06 4:46:18] INFO (26910 on Jermaines-MacBook-Pro.local): Server running on port 4000
[2025-04-06 4:46:18] INFO (26910 on Jermaines-MacBook-Pro.local): Redis Connected!
[2025-04-06 4:46:23] INFO (26971 on Jermaines-MacBook-Pro.local): Server running on port 4000
[2025-04-06 4:46:23] INFO (26971 on Jermaines-MacBook-Pro.local): Redis Connected!
[2025-04-06 4:46:28] INFO (27034 on Jermaines-MacBook-Pro.local): Server running on port 4000
[2025-04-06 4:46:28] INFO (27034 on Jermaines-MacBook-Pro.local): Redis Connected!
[2025-04-06 4:46:32] INFO (27093 on Jermaines-MacBook-Pro.local): Server running on port 4000
[2025-04-06 4:46:32] INFO (27093 on Jermaines-MacBook-Pro.local): Redis Connected!
[2025-04-06 4:47:01] INFO (27325 on Jermaines-MacBook-Pro.local): Server running on port 4000
[2025-04-06 4:47:01] INFO (27325 on Jermaines-MacBook-Pro.local): Redis Connected!
[2025-04-06 4:47:09] INFO (27398 on Jermaines-MacBook-Pro.local): Server running on port 4000
[2025-04-06 4:47:09] INFO (27398 on Jermaines-MacBook-Pro.local): Redis Connected!
[2025-04-06 4:47:12] INFO (27455 on Jermaines-MacBook-Pro.local): Server running on port 4000
[2025-04-06 4:47:12] INFO (27455 on Jermaines-MacBook-Pro.local): Redis Connected!
[2025-04-06 4:47:16] INFO (27549 on Jermaines-MacBook-Pro.local): Server running on port 4000
[2025-04-06 4:47:16] INFO (27549 on Jermaines-MacBook-Pro.local): Redis Connected!
[2025-04-06 4:48:23] INFO (27853 on Jermaines-MacBook-Pro.local): Server running on port 4000
[2025-04-06 4:48:23] INFO (27853 on Jermaines-MacBook-Pro.local): Redis Connected!
[2025-04-06 4:48:25] INFO (27905 on Jermaines-MacBook-Pro.local): Server running on port 4000
[2025-04-06 4:48:25] INFO (27905 on Jermaines-MacBook-Pro.local): Redis Connected!
[2025-04-06 4:49:03] INFO (28070 on Jermaines-MacBook-Pro.local): Server running on port 4000
[2025-04-06 4:49:03] INFO (28070 on Jermaines-MacBook-Pro.local): Redis Connected!
[2025-04-06 4:50:19] INFO (28338 on Jermaines-MacBook-Pro.local): Server running on port 4000
[2025-04-06 4:50:19] INFO (28338 on Jermaines-MacBook-Pro.local): Redis Connected!
[2025-04-06 4:52:05] INFO (28957 on Jermaines-MacBook-Pro.local): Server running on port 4000
[2025-04-06 4:52:05] INFO (28957 on Jermaines-MacBook-Pro.local): Redis Connected!
[2025-04-06 4:52:09] INFO (29008 on Jermaines-MacBook-Pro.local): Server running on port 4000
[2025-04-06 4:52:09] INFO (29008 on Jermaines-MacBook-Pro.local): Redis Connected!
[2025-04-06 4:52:55] INFO (29200 on Jermaines-MacBook-Pro.local): Server running on port 4000
[2025-04-06 4:52:55] INFO (29200 on Jermaines-MacBook-Pro.local): Redis Connected!
[2025-04-06 4:54:33] INFO (29680 on Jermaines-MacBook-Pro.local): Server running on port 4000
[2025-04-06 4:54:33] INFO (29680 on Jermaines-MacBook-Pro.local): Redis Connected!
[2025-04-06 4:55:35] INFO (29941 on Jermaines-MacBook-Pro.local): Server running on port 4000
[2025-04-06 4:55:35] INFO (29941 on Jermaines-MacBook-Pro.local): Redis Connected!
[2025-04-06 5:00:03] INFO (31189 on Jermaines-MacBook-Pro.local): Server running on port 4000
[2025-04-06 5:00:03] INFO (31189 on Jermaines-MacBook-Pro.local): Redis Connected!
[2025-04-06 5:03:02] INFO (32103 on Jermaines-MacBook-Pro.local): Server running on port 4000
[2025-04-06 5:03:02] INFO (32103 on Jermaines-MacBook-Pro.local): Redis Connected!
[2025-04-06 5:07:39] INFO (33383 on Jermaines-MacBook-Pro.local): Server running on port 4000
[2025-04-06 5:07:39] INFO (33383 on Jermaines-MacBook-Pro.local): Redis Connected!
[2025-04-06 5:07:58] INFO (33489 on Jermaines-MacBook-Pro.local): Server running on port 4000
[2025-04-06 5:07:58] INFO (33489 on Jermaines-MacBook-Pro.local): Redis Connected!
[2025-04-06 5:08:03] INFO (33548 on Jermaines-MacBook-Pro.local): Server running on port 4000
[2025-04-06 5:08:03] INFO (33548 on Jermaines-MacBook-Pro.local): Redis Connected!
[2025-04-06 5:08:14] INFO (33629 on Jermaines-MacBook-Pro.local): Server running on port 4000
[2025-04-06 5:08:14] INFO (33629 on Jermaines-MacBook-Pro.local): Redis Connected!
[2025-04-06 5:08:59] INFO (33932 on Jermaines-MacBook-Pro.local): Server running on port 4000
[2025-04-06 5:08:59] INFO (33932 on Jermaines-MacBook-Pro.local): Redis Connected!
[2025-04-06 5:09:16] INFO (34050 on Jermaines-MacBook-Pro.local): Server running on port 4000
[2025-04-06 5:09:16] INFO (34050 on Jermaines-MacBook-Pro.local): Redis Connected!
[2025-04-06 5:09:33] INFO (34158 on Jermaines-MacBook-Pro.local): Server running on port 4000
[2025-04-06 5:09:33] INFO (34158 on Jermaines-MacBook-Pro.local): Redis Connected!
[2025-04-06 5:11:53] INFO (34668 on Jermaines-MacBook-Pro.local): Server running on port 4000
[2025-04-06 5:11:53] INFO (34668 on Jermaines-MacBook-Pro.local): Redis Connected!
[2025-04-06 5:11:55] INFO (34724 on Jermaines-MacBook-Pro.local): Server running on port 4000
[2025-04-06 5:11:55] INFO (34724 on Jermaines-MacBook-Pro.local): Redis Connected!
[2025-04-06 5:12:18] INFO (34837 on Jermaines-MacBook-Pro.local): Server running on port 4000
[2025-04-06 5:12:18] INFO (34837 on Jermaines-MacBook-Pro.local): Redis Connected!
[2025-04-06 5:13:21] INFO (35076 on Jermaines-MacBook-Pro.local): Server running on port 4000
[2025-04-06 5:13:21] INFO (35076 on Jermaines-MacBook-Pro.local): Redis Connected!
[2025-04-06 5:13:38] INFO (35175 on Jermaines-MacBook-Pro.local): Server running on port 4000
[2025-04-06 5:13:38] INFO (35175 on Jermaines-MacBook-Pro.local): Redis Connected!
[2025-04-06 5:13:43] INFO (35240 on Jermaines-MacBook-Pro.local): Server running on port 4000
[2025-04-06 5:13:43] INFO (35240 on Jermaines-MacBook-Pro.local): Redis Connected!
[2025-04-06 5:13:46] INFO (35292 on Jermaines-MacBook-Pro.local): Server running on port 4000
[2025-04-06 5:13:46] INFO (35292 on Jermaines-MacBook-Pro.local): Redis Connected!
[2025-04-06 5:13:51] INFO (35350 on Jermaines-MacBook-Pro.local): Server running on port 4000
[2025-04-06 5:13:51] INFO (35350 on Jermaines-MacBook-Pro.local): Redis Connected!
[2025-04-06 5:13:55] INFO (35410 on Jermaines-MacBook-Pro.local): Server running on port 4000
[2025-04-06 5:13:55] INFO (35410 on Jermaines-MacBook-Pro.local): Redis Connected!
[2025-04-06 5:14:03] INFO (35480 on Jermaines-MacBook-Pro.local): Server running on port 4000
[2025-04-06 5:14:03] INFO (35480 on Jermaines-MacBook-Pro.local): Redis Connected!
[2025-04-06 5:14:08] INFO (35539 on Jermaines-MacBook-Pro.local): Server running on port 4000
[2025-04-06 5:14:08] INFO (35539 on Jermaines-MacBook-Pro.local): Redis Connected!
[2025-04-06 5:27:25] INFO (37942 on Jermaines-MacBook-Pro.local): Server running on port 4000
[2025-04-06 5:27:25] INFO (37942 on Jermaines-MacBook-Pro.local): Redis Connected!
[2025-04-06 5:27:27] INFO (37998 on Jermaines-MacBook-Pro.local): Server running on port 4000
[2025-04-06 5:27:27] INFO (37998 on Jermaines-MacBook-Pro.local): Redis Connected!
[2025-04-06 5:27:34] INFO (38067 on Jermaines-MacBook-Pro.local): Server running on port 4000
[2025-04-06 5:27:34] INFO (38067 on Jermaines-MacBook-Pro.local): Redis Connected!
[2025-04-06 5:27:40] INFO (38131 on Jermaines-MacBook-Pro.local): Server running on port 4000
[2025-04-06 5:27:40] INFO (38131 on Jermaines-MacBook-Pro.local): Redis Connected!
[2025-04-06 5:27:43] INFO (38185 on Jermaines-MacBook-Pro.local): Server running on port 4000
[2025-04-06 5:27:43] INFO (38185 on Jermaines-MacBook-Pro.local): Redis Connected!
[2025-04-06 5:28:06] INFO (38328 on Jermaines-MacBook-Pro.local): Server running on port 4000
[2025-04-06 5:28:06] INFO (38328 on Jermaines-MacBook-Pro.local): Redis Connected!
[2025-04-06 5:28:33] INFO (38472 on Jermaines-MacBook-Pro.local): Server running on port 4000
[2025-04-06 5:28:33] INFO (38472 on Jermaines-MacBook-Pro.local): Redis Connected!
[2025-04-06 5:28:35] INFO (38532 on Jermaines-MacBook-Pro.local): Server running on port 4000
[2025-04-06 5:28:35] INFO (38532 on Jermaines-MacBook-Pro.local): Redis Connected!
[2025-04-06 5:28:47] INFO (38611 on Jermaines-MacBook-Pro.local): Server running on port 4000
[2025-04-06 5:28:47] INFO (38611 on Jermaines-MacBook-Pro.local): Redis Connected!
[2025-04-06 5:29:06] INFO (38719 on Jermaines-MacBook-Pro.local): Server running on port 4000
[2025-04-06 5:29:06] INFO (38719 on Jermaines-MacBook-Pro.local): Redis Connected!
[2025-04-06 6:00:17] INFO (46429 on Jermaines-MacBook-Pro.local): Server running on port 4000
[2025-04-06 6:00:17] INFO (46429 on Jermaines-MacBook-Pro.local): Redis Connected!
[2025-04-06 6:05:29] INFO (47520 on Jermaines-MacBook-Pro.local): Server running on port 4000
[2025-04-06 6:05:29] INFO (47520 on Jermaines-MacBook-Pro.local): Redis Connected!
[2025-04-06 6:05:32] INFO (47575 on Jermaines-MacBook-Pro.local): Server running on port 4000
[2025-04-06 6:05:32] INFO (47575 on Jermaines-MacBook-Pro.local): Redis Connected!
[2025-04-06 6:05:35] INFO (47634 on Jermaines-MacBook-Pro.local): Server running on port 4000
[2025-04-06 6:05:35] INFO (47634 on Jermaines-MacBook-Pro.local): Redis Connected!
[2025-04-06 6:05:37] INFO (47690 on Jermaines-MacBook-Pro.local): Server running on port 4000
[2025-04-06 6:05:37] INFO (47690 on Jermaines-MacBook-Pro.local): Redis Connected!
[2025-04-06 6:05:40] INFO (47742 on Jermaines-MacBook-Pro.local): Server running on port 4000
[2025-04-06 6:05:40] INFO (47742 on Jermaines-MacBook-Pro.local): Redis Connected!
[2025-04-06 6:20:04] INFO (49605 on Jermaines-MacBook-Pro.local): Server running on port 4000
[2025-04-06 6:20:04] INFO (49605 on Jermaines-MacBook-Pro.local): Redis Connected!
[2025-04-06 6:20:28] INFO (49723 on Jermaines-MacBook-Pro.local): Server running on port 4000
[2025-04-06 6:20:28] INFO (49723 on Jermaines-MacBook-Pro.local): Redis Connected!
[2025-04-06 6:20:34] INFO (49797 on Jermaines-MacBook-Pro.local): Server running on port 4000
[2025-04-06 6:20:34] INFO (49797 on Jermaines-MacBook-Pro.local): Redis Connected!
[2025-04-06 6:21:59] INFO (50145 on Jermaines-MacBook-Pro.local): Server running on port 4000
[2025-04-06 6:21:59] INFO (50145 on Jermaines-MacBook-Pro.local): Redis Connected!
[2025-04-06 6:22:02] INFO (50199 on Jermaines-MacBook-Pro.local): Server running on port 4000
[2025-04-06 6:22:02] INFO (50199 on Jermaines-MacBook-Pro.local): Redis Connected!
[2025-04-06 6:22:06] INFO (50259 on Jermaines-MacBook-Pro.local): Server running on port 4000
[2025-04-06 6:22:06] INFO (50259 on Jermaines-MacBook-Pro.local): Redis Connected!
[2025-04-06 6:22:27] INFO (50367 on Jermaines-MacBook-Pro.local): Server running on port 4000
[2025-04-06 6:22:27] INFO (50367 on Jermaines-MacBook-Pro.local): Redis Connected!
[2025-04-06 6:36:19] INFO (53657 on Jermaines-MacBook-Pro.local): Server running on port 4000
[2025-04-06 6:36:19] INFO (53657 on Jermaines-MacBook-Pro.local): Redis Connected!
[2025-04-06 6:36:47] INFO (53817 on Jermaines-MacBook-Pro.local): Server running on port 4000
[2025-04-06 6:36:47] INFO (53817 on Jermaines-MacBook-Pro.local): Redis Connected!
[2025-04-06 6:38:18] INFO (54144 on Jermaines-MacBook-Pro.local): Server running on port 4000
[2025-04-06 6:38:18] INFO (54144 on Jermaines-MacBook-Pro.local): Redis Connected!
[2025-04-06 6:38:39] INFO (54296 on Jermaines-MacBook-Pro.local): Server running on port 4000
[2025-04-06 6:38:39] INFO (54296 on Jermaines-MacBook-Pro.local): Redis Connected!
[2025-04-06 6:38:43] INFO (54354 on Jermaines-MacBook-Pro.local): Server running on port 4000
[2025-04-06 6:38:43] INFO (54354 on Jermaines-MacBook-Pro.local): Redis Connected!
[2025-04-06 6:38:47] INFO (54413 on Jermaines-MacBook-Pro.local): Server running on port 4000
[2025-04-06 6:38:47] INFO (54413 on Jermaines-MacBook-Pro.local): Redis Connected!
[2025-04-06 6:38:50] INFO (54463 on Jermaines-MacBook-Pro.local): Server running on port 4000
[2025-04-06 6:38:50] INFO (54463 on Jermaines-MacBook-Pro.local): Redis Connected!
[2025-04-06 6:40:16] INFO (54771 on Jermaines-MacBook-Pro.local): Server running on port 4000
[2025-04-06 6:40:16] INFO (54771 on Jermaines-MacBook-Pro.local): Redis Connected!
[2025-04-06 6:43:39] INFO (55474 on Jermaines-MacBook-Pro.local): Server running on port 4000
[2025-04-06 6:43:39] INFO (55474 on Jermaines-MacBook-Pro.local): Redis Connected!
[2025-04-06 6:57:56] INFO (58148 on Jermaines-MacBook-Pro.local): Server running on port 4000
[2025-04-06 6:57:56] INFO (58148 on Jermaines-MacBook-Pro.local): Redis Connected!
[2025-04-06 7:05:51] INFO (59602 on Jermaines-MacBook-Pro.local): Server running on port 4000
[2025-04-06 7:05:51] INFO (59602 on Jermaines-MacBook-Pro.local): Redis Connected!
[2025-04-06 7:06:14] INFO (59732 on Jermaines-MacBook-Pro.local): Server running on port 4000
[2025-04-06 7:06:14] INFO (59732 on Jermaines-MacBook-Pro.local): Redis Connected!
[2025-04-06 7:06:18] INFO (59794 on Jermaines-MacBook-Pro.local): Server running on port 4000
[2025-04-06 7:06:18] INFO (59794 on Jermaines-MacBook-Pro.local): Redis Connected!
[2025-04-06 7:06:40] INFO (59932 on Jermaines-MacBook-Pro.local): Server running on port 4000
[2025-04-06 7:06:40] INFO (59932 on Jermaines-MacBook-Pro.local): Redis Connected!
[2025-04-06 7:09:18] INFO (60559 on Jermaines-MacBook-Pro.local): Server running on port 4000
[2025-04-06 7:09:18] INFO (60559 on Jermaines-MacBook-Pro.local): Redis Connected!
[2025-04-06 7:09:21] INFO (60608 on Jermaines-MacBook-Pro.local): Server running on port 4000
[2025-04-06 7:09:21] INFO (60608 on Jermaines-MacBook-Pro.local): Redis Connected!
[2025-04-06 7:09:31] INFO (60715 on Jermaines-MacBook-Pro.local): Server running on port 4000
[2025-04-06 7:09:31] INFO (60715 on Jermaines-MacBook-Pro.local): Redis Connected!
[2025-04-06 7:10:34] INFO (60955 on Jermaines-MacBook-Pro.local): Server running on port 4000
[2025-04-06 7:10:34] INFO (60955 on Jermaines-MacBook-Pro.local): Redis Connected!
[2025-04-06 7:10:44] INFO (61036 on Jermaines-MacBook-Pro.local): Server running on port 4000
[2025-04-06 7:10:44] INFO (61036 on Jermaines-MacBook-Pro.local): Redis Connected!
[2025-04-06 7:10:47] INFO (61089 on Jermaines-MacBook-Pro.local): Server running on port 4000
[2025-04-06 7:10:47] INFO (61089 on Jermaines-MacBook-Pro.local): Redis Connected!
[2025-04-06 7:10:55] INFO (61205 on Jermaines-MacBook-Pro.local): Server running on port 4000
[2025-04-06 7:10:55] INFO (61205 on Jermaines-MacBook-Pro.local): Redis Connected!
[2025-04-06 7:17:14] INFO (61205 on Jermaines-MacBook-Pro.local): [AMQP] connected
[2025-04-06 7:17:14] INFO (61205 on Jermaines-MacBook-Pro.local): Journal entry queue worker has started
[2025-04-06 7:22:20] INFO (67024 on Jermaines-MacBook-Pro.local): Server running on port 4000
[2025-04-06 7:22:20] INFO (67024 on Jermaines-MacBook-Pro.local): Redis Connected!
[2025-04-06 7:22:20] INFO (67024 on Jermaines-MacBook-Pro.local): [AMQP] connected
[2025-04-06 7:22:20] INFO (67024 on Jermaines-MacBook-Pro.local): Journal entry queue worker has started
[2025-04-06 7:28:08] INFO (69512 on Jermaines-MacBook-Pro.local): Server running on port 4000
[2025-04-06 7:28:08] INFO (69512 on Jermaines-MacBook-Pro.local): Redis Connected!
[2025-04-06 7:28:08] INFO (69512 on Jermaines-MacBook-Pro.local): [AMQP] connected
[2025-04-06 7:28:08] INFO (69512 on Jermaines-MacBook-Pro.local): Journal entry queue worker has started
[2025-04-06 7:28:24] INFO (69718 on Jermaines-MacBook-Pro.local): Server running on port 4000
[2025-04-06 7:28:24] INFO (69718 on Jermaines-MacBook-Pro.local): Redis Connected!
[2025-04-06 7:28:24] INFO (69718 on Jermaines-MacBook-Pro.local): [AMQP] connected
[2025-04-06 7:28:24] INFO (69718 on Jermaines-MacBook-Pro.local): Journal entry queue worker has started
[2025-04-06 7:29:21] INFO (70089 on Jermaines-MacBook-Pro.local): Server running on port 4000
[2025-04-06 7:29:21] INFO (70089 on Jermaines-MacBook-Pro.local): Redis Connected!
[2025-04-06 7:29:21] INFO (70089 on Jermaines-MacBook-Pro.local): [AMQP] connected
[2025-04-06 7:29:21] INFO (70089 on Jermaines-MacBook-Pro.local): Journal entry queue worker has started
[2025-04-06 7:29:27] INFO (70173 on Jermaines-MacBook-Pro.local): Server running on port 4000
[2025-04-06 7:29:27] INFO (70173 on Jermaines-MacBook-Pro.local): Redis Connected!
[2025-04-06 7:29:27] INFO (70173 on Jermaines-MacBook-Pro.local): [AMQP] connected
[2025-04-06 7:29:27] INFO (70173 on Jermaines-MacBook-Pro.local): Journal entry queue worker has started
[2025-04-06 7:30:44] INFO (70967 on Jermaines-MacBook-Pro.local): Server running on port 4000
[2025-04-06 7:30:44] INFO (70967 on Jermaines-MacBook-Pro.local): Redis Connected!
[2025-04-06 7:30:44] INFO (70967 on Jermaines-MacBook-Pro.local): [AMQP] connected
[2025-04-06 7:30:44] INFO (70967 on Jermaines-MacBook-Pro.local): Journal entry queue worker has started
[2025-04-06 7:30:57] INFO (71082 on Jermaines-MacBook-Pro.local): Server running on port 4000
[2025-04-06 7:30:57] INFO (71082 on Jermaines-MacBook-Pro.local): Redis Connected!
[2025-04-06 7:30:57] INFO (71082 on Jermaines-MacBook-Pro.local): [AMQP] connected
[2025-04-06 7:30:57] INFO (71082 on Jermaines-MacBook-Pro.local): Journal entry queue worker has started
[2025-04-06 7:31:06] INFO (71188 on Jermaines-MacBook-Pro.local): Server running on port 4000
[2025-04-06 7:31:06] INFO (71188 on Jermaines-MacBook-Pro.local): Redis Connected!
[2025-04-06 7:31:06] INFO (71188 on Jermaines-MacBook-Pro.local): [AMQP] connected
[2025-04-06 7:31:06] INFO (71188 on Jermaines-MacBook-Pro.local): Journal entry queue worker has started
[2025-04-06 7:31:24] INFO (71340 on Jermaines-MacBook-Pro.local): Server running on port 4000
[2025-04-06 7:31:24] INFO (71340 on Jermaines-MacBook-Pro.local): Redis Connected!
[2025-04-06 7:31:24] INFO (71340 on Jermaines-MacBook-Pro.local): [AMQP] connected
[2025-04-06 7:31:24] INFO (71340 on Jermaines-MacBook-Pro.local): Journal entry queue worker has started
[2025-04-06 7:31:38] INFO (71480 on Jermaines-MacBook-Pro.local): Server running on port 4000
[2025-04-06 7:31:38] INFO (71480 on Jermaines-MacBook-Pro.local): Redis Connected!
[2025-04-06 7:31:38] INFO (71480 on Jermaines-MacBook-Pro.local): [AMQP] connected
[2025-04-06 7:31:38] INFO (71480 on Jermaines-MacBook-Pro.local): Journal entry queue worker has started
[2025-04-06 7:37:01] INFO (73411 on Jermaines-MacBook-Pro.local): Server running on port 4000
[2025-04-06 7:37:01] INFO (73411 on Jermaines-MacBook-Pro.local): Redis Connected!
[2025-04-06 7:37:01] INFO (73411 on Jermaines-MacBook-Pro.local): [AMQP] connected
[2025-04-06 7:37:01] INFO (73411 on Jermaines-MacBook-Pro.local): Journal entry queue worker has started
[2025-04-06 7:37:12] INFO (73520 on Jermaines-MacBook-Pro.local): Server running on port 4000
[2025-04-06 7:37:12] INFO (73520 on Jermaines-MacBook-Pro.local): Redis Connected!
[2025-04-06 7:37:12] INFO (73520 on Jermaines-MacBook-Pro.local): [AMQP] connected
[2025-04-06 7:37:12] INFO (73520 on Jermaines-MacBook-Pro.local): Journal entry queue worker has started
[2025-04-06 7:53:53] INFO (81608 on Jermaines-MacBook-Pro.local): Server running on port 4000
[2025-04-06 7:53:54] INFO (81608 on Jermaines-MacBook-Pro.local): Redis Connected!
[2025-04-06 7:53:54] INFO (81608 on Jermaines-MacBook-Pro.local): [AMQP] connected
[2025-04-06 7:53:54] INFO (81608 on Jermaines-MacBook-Pro.local): Journal entry queue worker has started
[2025-04-06 7:54:43] INFO (81966 on Jermaines-MacBook-Pro.local): Server running on port 4000
[2025-04-06 7:54:43] INFO (81966 on Jermaines-MacBook-Pro.local): Redis Connected!
[2025-04-06 7:54:43] INFO (81966 on Jermaines-MacBook-Pro.local): [AMQP] connected
[2025-04-06 7:54:43] INFO (81966 on Jermaines-MacBook-Pro.local): Journal entry queue worker has started
[2025-04-06 7:54:48] INFO (82050 on Jermaines-MacBook-Pro.local): Server running on port 4000
[2025-04-06 7:54:48] INFO (82050 on Jermaines-MacBook-Pro.local): Redis Connected!
[2025-04-06 7:54:48] INFO (82050 on Jermaines-MacBook-Pro.local): [AMQP] connected
[2025-04-06 7:54:48] INFO (82050 on Jermaines-MacBook-Pro.local): Journal entry queue worker has started
[2025-04-06 7:54:50] INFO (82104 on Jermaines-MacBook-Pro.local): Server running on port 4000
[2025-04-06 7:54:50] INFO (82104 on Jermaines-MacBook-Pro.local): Redis Connected!
[2025-04-06 7:54:50] INFO (82104 on Jermaines-MacBook-Pro.local): [AMQP] connected
[2025-04-06 7:54:50] INFO (82104 on Jermaines-MacBook-Pro.local): Journal entry queue worker has started
[2025-04-06 7:54:54] INFO (82164 on Jermaines-MacBook-Pro.local): Server running on port 4000
[2025-04-06 7:54:54] INFO (82164 on Jermaines-MacBook-Pro.local): Redis Connected!
[2025-04-06 7:54:54] INFO (82164 on Jermaines-MacBook-Pro.local): [AMQP] connected
[2025-04-06 7:54:54] INFO (82164 on Jermaines-MacBook-Pro.local): Journal entry queue worker has started
[2025-04-06 7:55:05] INFO (82284 on Jermaines-MacBook-Pro.local): Server running on port 4000
[2025-04-06 7:55:05] INFO (82284 on Jermaines-MacBook-Pro.local): Redis Connected!
[2025-04-06 7:55:05] INFO (82284 on Jermaines-MacBook-Pro.local): [AMQP] connected
[2025-04-06 7:55:05] INFO (82284 on Jermaines-MacBook-Pro.local): Journal entry queue worker has started
[2025-04-06 7:55:07] INFO (82345 on Jermaines-MacBook-Pro.local): Server running on port 4000
[2025-04-06 7:55:07] INFO (82345 on Jermaines-MacBook-Pro.local): Redis Connected!
[2025-04-06 7:55:07] INFO (82345 on Jermaines-MacBook-Pro.local): [AMQP] connected
[2025-04-06 7:55:07] INFO (82345 on Jermaines-MacBook-Pro.local): Journal entry queue worker has started
[2025-04-06 7:55:12] INFO (82419 on Jermaines-MacBook-Pro.local): Server running on port 4000
[2025-04-06 7:55:12] INFO (82419 on Jermaines-MacBook-Pro.local): Redis Connected!
[2025-04-06 7:55:12] INFO (82419 on Jermaines-MacBook-Pro.local): [AMQP] connected
[2025-04-06 7:55:12] INFO (82419 on Jermaines-MacBook-Pro.local): Journal entry queue worker has started
[2025-04-06 7:55:18] INFO (82499 on Jermaines-MacBook-Pro.local): Server running on port 4000
[2025-04-06 7:55:18] INFO (82499 on Jermaines-MacBook-Pro.local): Redis Connected!
[2025-04-06 7:55:18] INFO (82499 on Jermaines-MacBook-Pro.local): [AMQP] connected
[2025-04-06 7:55:18] INFO (82499 on Jermaines-MacBook-Pro.local): Journal entry queue worker has started
[2025-04-06 7:55:21] INFO (82561 on Jermaines-MacBook-Pro.local): Server running on port 4000
[2025-04-06 7:55:21] INFO (82561 on Jermaines-MacBook-Pro.local): Redis Connected!
[2025-04-06 7:55:21] INFO (82561 on Jermaines-MacBook-Pro.local): [AMQP] connected
[2025-04-06 7:55:21] INFO (82561 on Jermaines-MacBook-Pro.local): Journal entry queue worker has started
[2025-04-06 7:55:23] INFO (82611 on Jermaines-MacBook-Pro.local): Server running on port 4000
[2025-04-06 7:55:23] INFO (82611 on Jermaines-MacBook-Pro.local): Redis Connected!
[2025-04-06 7:55:23] INFO (82611 on Jermaines-MacBook-Pro.local): [AMQP] connected
[2025-04-06 7:55:23] INFO (82611 on Jermaines-MacBook-Pro.local): Journal entry queue worker has started
[2025-04-06 7:55:32] INFO (82748 on Jermaines-MacBook-Pro.local): Server running on port 4000
[2025-04-06 7:55:32] INFO (82748 on Jermaines-MacBook-Pro.local): Redis Connected!
[2025-04-06 7:55:32] INFO (82748 on Jermaines-MacBook-Pro.local): [AMQP] connected
[2025-04-06 7:55:32] INFO (82748 on Jermaines-MacBook-Pro.local): Journal entry queue worker has started
[2025-04-06 7:55:41] INFO (82866 on Jermaines-MacBook-Pro.local): Server running on port 4000
[2025-04-06 7:55:41] INFO (82866 on Jermaines-MacBook-Pro.local): Redis Connected!
[2025-04-06 7:55:41] INFO (82866 on Jermaines-MacBook-Pro.local): [AMQP] connected
[2025-04-06 7:55:41] INFO (82866 on Jermaines-MacBook-Pro.local): Journal entry queue worker has started
[2025-04-06 7:57:00] INFO (83397 on Jermaines-MacBook-Pro.local): Server running on port 4000
[2025-04-06 7:57:00] INFO (83397 on Jermaines-MacBook-Pro.local): Redis Connected!
[2025-04-06 7:57:00] INFO (83397 on Jermaines-MacBook-Pro.local): [AMQP] connected
[2025-04-06 7:57:00] INFO (83397 on Jermaines-MacBook-Pro.local): Journal entry queue worker has started
[2025-04-06 8:03:11] INFO (85850 on Jermaines-MacBook-Pro.local): Server running on port 4000
[2025-04-06 8:03:11] INFO (85850 on Jermaines-MacBook-Pro.local): Redis Connected!
[2025-04-06 8:03:11] INFO (85850 on Jermaines-MacBook-Pro.local): [AMQP] connected
[2025-04-06 8:03:11] INFO (85850 on Jermaines-MacBook-Pro.local): Journal entry queue worker has started
[2025-04-06 8:04:23] INFO (86456 on Jermaines-MacBook-Pro.local): Server running on port 4000
[2025-04-06 8:04:23] INFO (86456 on Jermaines-MacBook-Pro.local): Redis Connected!
[2025-04-06 8:04:23] INFO (86456 on Jermaines-MacBook-Pro.local): [AMQP] connected
[2025-04-06 8:04:23] INFO (86456 on Jermaines-MacBook-Pro.local): Journal entry queue worker has started
[2025-04-06 8:06:16] INFO (87210 on Jermaines-MacBook-Pro.local): Server running on port 4000
[2025-04-06 8:06:16] INFO (87210 on Jermaines-MacBook-Pro.local): Redis Connected!
[2025-04-06 8:06:16] INFO (87210 on Jermaines-MacBook-Pro.local): [AMQP] connected
[2025-04-06 8:06:16] INFO (87210 on Jermaines-MacBook-Pro.local): Journal entry queue worker has started
[2025-04-06 8:06:20] INFO (87271 on Jermaines-MacBook-Pro.local): Server running on port 4000
[2025-04-06 8:06:20] INFO (87271 on Jermaines-MacBook-Pro.local): Redis Connected!
[2025-04-06 8:06:20] INFO (87271 on Jermaines-MacBook-Pro.local): [AMQP] connected
[2025-04-06 8:06:20] INFO (87271 on Jermaines-MacBook-Pro.local): Journal entry queue worker has started
[2025-04-06 8:06:35] INFO (87471 on Jermaines-MacBook-Pro.local): Server running on port 4000
[2025-04-06 8:06:35] INFO (87471 on Jermaines-MacBook-Pro.local): Redis Connected!
[2025-04-06 8:06:35] INFO (87471 on Jermaines-MacBook-Pro.local): [AMQP] connected
[2025-04-06 8:06:35] INFO (87471 on Jermaines-MacBook-Pro.local): Journal entry queue worker has started
[2025-04-06 8:06:50] INFO (87609 on Jermaines-MacBook-Pro.local): Server running on port 4000
[2025-04-06 8:06:50] INFO (87609 on Jermaines-MacBook-Pro.local): Redis Connected!
[2025-04-06 8:06:50] INFO (87609 on Jermaines-MacBook-Pro.local): [AMQP] connected
[2025-04-06 8:06:50] INFO (87609 on Jermaines-MacBook-Pro.local): Journal entry queue worker has started
[2025-04-06 8:08:51] INFO (88633 on Jermaines-MacBook-Pro.local): Server running on port 4000
[2025-04-06 8:08:51] INFO (88633 on Jermaines-MacBook-Pro.local): Redis Connected!
[2025-04-06 8:08:51] INFO (88633 on Jermaines-MacBook-Pro.local): [AMQP] connected
[2025-04-06 8:08:51] INFO (88633 on Jermaines-MacBook-Pro.local): Journal entry queue worker has started
[2025-04-06 8:09:47] INFO (89024 on Jermaines-MacBook-Pro.local): Server running on port 4000
[2025-04-06 8:09:47] INFO (89024 on Jermaines-MacBook-Pro.local): Redis Connected!
[2025-04-06 8:09:47] INFO (89024 on Jermaines-MacBook-Pro.local): [AMQP] connected
[2025-04-06 8:09:47] INFO (89024 on Jermaines-MacBook-Pro.local): Journal entry queue worker has started
[2025-04-06 8:14:55] INFO (90855 on Jermaines-MacBook-Pro.local): Server running on port 4000
[2025-04-06 8:14:55] INFO (90855 on Jermaines-MacBook-Pro.local): Redis Connected!
[2025-04-06 8:14:55] INFO (90855 on Jermaines-MacBook-Pro.local): [AMQP] connected
[2025-04-06 8:14:55] INFO (90855 on Jermaines-MacBook-Pro.local): Journal entry queue worker has started
[2025-04-06 8:15:05] INFO (91013 on Jermaines-MacBook-Pro.local): Server running on port 4000
[2025-04-06 8:15:05] INFO (91013 on Jermaines-MacBook-Pro.local): Redis Connected!
[2025-04-06 8:15:05] INFO (91013 on Jermaines-MacBook-Pro.local): [AMQP] connected
[2025-04-06 8:15:05] INFO (91013 on Jermaines-MacBook-Pro.local): Journal entry queue worker has started
[2025-04-06 8:15:17] INFO (91146 on Jermaines-MacBook-Pro.local): Server running on port 4000
[2025-04-06 8:15:17] INFO (91146 on Jermaines-MacBook-Pro.local): Redis Connected!
[2025-04-06 8:15:17] INFO (91146 on Jermaines-MacBook-Pro.local): [AMQP] connected
[2025-04-06 8:15:17] INFO (91146 on Jermaines-MacBook-Pro.local): Journal entry queue worker has started
[2025-04-06 8:15:25] INFO (91242 on Jermaines-MacBook-Pro.local): Server running on port 4000
[2025-04-06 8:15:25] INFO (91242 on Jermaines-MacBook-Pro.local): Redis Connected!
[2025-04-06 8:15:25] INFO (91242 on Jermaines-MacBook-Pro.local): [AMQP] connected
[2025-04-06 8:15:25] INFO (91242 on Jermaines-MacBook-Pro.local): Journal entry queue worker has started
[2025-04-06 8:15:30] INFO (91319 on Jermaines-MacBook-Pro.local): Server running on port 4000
[2025-04-06 8:15:30] INFO (91319 on Jermaines-MacBook-Pro.local): Redis Connected!
[2025-04-06 8:15:30] INFO (91319 on Jermaines-MacBook-Pro.local): [AMQP] connected
[2025-04-06 8:15:30] INFO (91319 on Jermaines-MacBook-Pro.local): Journal entry queue worker has started
[2025-04-06 8:15:35] INFO (91401 on Jermaines-MacBook-Pro.local): Server running on port 4000
[2025-04-06 8:15:35] INFO (91401 on Jermaines-MacBook-Pro.local): Redis Connected!
[2025-04-06 8:15:35] INFO (91401 on Jermaines-MacBook-Pro.local): [AMQP] connected
[2025-04-06 8:15:35] INFO (91401 on Jermaines-MacBook-Pro.local): Journal entry queue worker has started
[2025-04-06 8:15:38] INFO (91463 on Jermaines-MacBook-Pro.local): Server running on port 4000
[2025-04-06 8:15:38] INFO (91463 on Jermaines-MacBook-Pro.local): Redis Connected!
[2025-04-06 8:15:38] INFO (91463 on Jermaines-MacBook-Pro.local): [AMQP] connected
[2025-04-06 8:15:38] INFO (91463 on Jermaines-MacBook-Pro.local): Journal entry queue worker has started
[2025-04-06 8:15:41] INFO (91531 on Jermaines-MacBook-Pro.local): Server running on port 4000
[2025-04-06 8:15:41] INFO (91531 on Jermaines-MacBook-Pro.local): Redis Connected!
[2025-04-06 8:15:41] INFO (91531 on Jermaines-MacBook-Pro.local): [AMQP] connected
[2025-04-06 8:15:41] INFO (91531 on Jermaines-MacBook-Pro.local): Journal entry queue worker has started
[2025-04-06 8:15:44] INFO (91591 on Jermaines-MacBook-Pro.local): Server running on port 4000
[2025-04-06 8:15:44] INFO (91591 on Jermaines-MacBook-Pro.local): Redis Connected!
[2025-04-06 8:15:44] INFO (91591 on Jermaines-MacBook-Pro.local): [AMQP] connected
[2025-04-06 8:15:44] INFO (91591 on Jermaines-MacBook-Pro.local): Journal entry queue worker has started
[2025-04-06 8:15:49] INFO (91664 on Jermaines-MacBook-Pro.local): Server running on port 4000
[2025-04-06 8:15:49] INFO (91664 on Jermaines-MacBook-Pro.local): Redis Connected!
[2025-04-06 8:15:49] INFO (91664 on Jermaines-MacBook-Pro.local): [AMQP] connected
[2025-04-06 8:15:49] INFO (91664 on Jermaines-MacBook-Pro.local): Journal entry queue worker has started
[2025-04-06 8:15:51] INFO (91764 on Jermaines-MacBook-Pro.local): Server running on port 4000
[2025-04-06 8:15:51] INFO (91764 on Jermaines-MacBook-Pro.local): Redis Connected!
[2025-04-06 8:15:51] INFO (91764 on Jermaines-MacBook-Pro.local): [AMQP] connected
[2025-04-06 8:15:51] INFO (91764 on Jermaines-MacBook-Pro.local): Journal entry queue worker has started
[2025-04-06 8:17:30] INFO (92402 on Jermaines-MacBook-Pro.local): Server running on port 4000
[2025-04-06 8:17:30] INFO (92402 on Jermaines-MacBook-Pro.local): Redis Connected!
[2025-04-06 8:17:30] INFO (92402 on Jermaines-MacBook-Pro.local): [AMQP] connected
[2025-04-06 8:17:30] INFO (92402 on Jermaines-MacBook-Pro.local): Journal entry queue worker has started
[2025-04-06 8:17:38] INFO (92496 on Jermaines-MacBook-Pro.local): Server running on port 4000
[2025-04-06 8:17:38] INFO (92496 on Jermaines-MacBook-Pro.local): Redis Connected!
[2025-04-06 8:17:38] INFO (92496 on Jermaines-MacBook-Pro.local): [AMQP] connected
[2025-04-06 8:17:38] INFO (92496 on Jermaines-MacBook-Pro.local): Journal entry queue worker has started
[2025-04-06 8:18:47] INFO (93016 on Jermaines-MacBook-Pro.local): Server running on port 4000
[2025-04-06 8:18:47] INFO (93016 on Jermaines-MacBook-Pro.local): Redis Connected!
[2025-04-06 8:18:47] INFO (93016 on Jermaines-MacBook-Pro.local): [AMQP] connected
[2025-04-06 8:18:47] INFO (93016 on Jermaines-MacBook-Pro.local): Journal entry queue worker has started
[2025-04-06 8:18:59] INFO (93131 on Jermaines-MacBook-Pro.local): Server running on port 4000
[2025-04-06 8:18:59] INFO (93131 on Jermaines-MacBook-Pro.local): Redis Connected!
[2025-04-06 8:18:59] INFO (93131 on Jermaines-MacBook-Pro.local): [AMQP] connected
[2025-04-06 8:18:59] INFO (93131 on Jermaines-MacBook-Pro.local): Journal entry queue worker has started
[2025-04-06 8:19:15] INFO (93272 on Jermaines-MacBook-Pro.local): Server running on port 4000
[2025-04-06 8:19:15] INFO (93272 on Jermaines-MacBook-Pro.local): Redis Connected!
[2025-04-06 8:19:15] INFO (93272 on Jermaines-MacBook-Pro.local): [AMQP] connected
[2025-04-06 8:19:15] INFO (93272 on Jermaines-MacBook-Pro.local): Journal entry queue worker has started
[2025-04-06 8:23:25] INFO (94785 on Jermaines-MacBook-Pro.local): Server running on port 4000
[2025-04-06 8:23:25] INFO (94785 on Jermaines-MacBook-Pro.local): Redis Connected!
[2025-04-06 8:23:25] INFO (94785 on Jermaines-MacBook-Pro.local): [AMQP] connected
[2025-04-06 8:23:25] INFO (94785 on Jermaines-MacBook-Pro.local): Journal entry queue worker has started
[2025-04-06 8:23:29] INFO (94861 on Jermaines-MacBook-Pro.local): Server running on port 4000
[2025-04-06 8:23:29] INFO (94861 on Jermaines-MacBook-Pro.local): Redis Connected!
[2025-04-06 8:23:29] INFO (94861 on Jermaines-MacBook-Pro.local): [AMQP] connected
[2025-04-06 8:23:29] INFO (94861 on Jermaines-MacBook-Pro.local): Journal entry queue worker has started
[2025-04-06 8:25:27] INFO (95583 on Jermaines-MacBook-Pro.local): Server running on port 4000
[2025-04-06 8:25:27] INFO (95583 on Jermaines-MacBook-Pro.local): Redis Connected!
[2025-04-06 8:25:27] INFO (95583 on Jermaines-MacBook-Pro.local): [AMQP] connected
[2025-04-06 8:25:27] INFO (95583 on Jermaines-MacBook-Pro.local): Journal entry queue worker has started
[2025-04-06 8:25:32] INFO (95686 on Jermaines-MacBook-Pro.local): Server running on port 4000
[2025-04-06 8:25:32] INFO (95686 on Jermaines-MacBook-Pro.local): Redis Connected!
[2025-04-06 8:25:32] INFO (95686 on Jermaines-MacBook-Pro.local): [AMQP] connected
[2025-04-06 8:25:32] INFO (95686 on Jermaines-MacBook-Pro.local): Journal entry queue worker has started
[2025-04-06 8:34:00] INFO (98698 on Jermaines-MacBook-Pro.local): Server running on port 4000
[2025-04-06 8:34:00] INFO (98698 on Jermaines-MacBook-Pro.local): Redis Connected!
[2025-04-06 8:34:00] INFO (98698 on Jermaines-MacBook-Pro.local): [AMQP] connected
[2025-04-06 8:34:00] INFO (98698 on Jermaines-MacBook-Pro.local): Journal entry queue worker has started
[2025-04-06 8:40:09] INFO (1273 on Jermaines-MacBook-Pro.local): Server running on port 4000
[2025-04-06 8:40:09] INFO (1273 on Jermaines-MacBook-Pro.local): Redis Connected!
[2025-04-06 8:40:09] INFO (1273 on Jermaines-MacBook-Pro.local): [AMQP] connected
[2025-04-06 8:40:09] INFO (1273 on Jermaines-MacBook-Pro.local): Journal entry queue worker has started
[2025-04-06 8:40:23] INFO (1435 on Jermaines-MacBook-Pro.local): Server running on port 4000
[2025-04-06 8:40:23] INFO (1435 on Jermaines-MacBook-Pro.local): Redis Connected!
[2025-04-06 8:40:23] INFO (1435 on Jermaines-MacBook-Pro.local): [AMQP] connected
[2025-04-06 8:40:23] INFO (1435 on Jermaines-MacBook-Pro.local): Journal entry queue worker has started
[2025-04-06 8:43:56] INFO (2751 on Jermaines-MacBook-Pro.local): Server running on port 4000
[2025-04-06 8:43:56] INFO (2751 on Jermaines-MacBook-Pro.local): Redis Connected!
[2025-04-06 8:43:56] INFO (2751 on Jermaines-MacBook-Pro.local): [AMQP] connected
[2025-04-06 8:43:56] INFO (2751 on Jermaines-MacBook-Pro.local): Journal entry queue worker has started
[2025-04-06 8:47:04] INFO (3892 on Jermaines-MacBook-Pro.local): Server running on port 4000
[2025-04-06 8:47:04] INFO (3892 on Jermaines-MacBook-Pro.local): Redis Connected!
[2025-04-06 8:47:04] INFO (3892 on Jermaines-MacBook-Pro.local): [AMQP] connected
[2025-04-06 8:47:04] INFO (3892 on Jermaines-MacBook-Pro.local): Journal entry queue worker has started
[2025-04-06 8:49:05] INFO (4760 on Jermaines-MacBook-Pro.local): Server running on port 4000
[2025-04-06 8:49:05] INFO (4760 on Jermaines-MacBook-Pro.local): Redis Connected!
[2025-04-06 8:49:05] INFO (4760 on Jermaines-MacBook-Pro.local): [AMQP] connected
[2025-04-06 8:49:05] INFO (4760 on Jermaines-MacBook-Pro.local): Journal entry queue worker has started
[2025-04-06 8:49:23] INFO (4924 on Jermaines-MacBook-Pro.local): Server running on port 4000
[2025-04-06 8:49:23] INFO (4924 on Jermaines-MacBook-Pro.local): Redis Connected!
[2025-04-06 8:49:23] INFO (4924 on Jermaines-MacBook-Pro.local): [AMQP] connected
[2025-04-06 8:49:23] INFO (4924 on Jermaines-MacBook-Pro.local): Journal entry queue worker has started
[2025-04-06 8:49:34] INFO (5040 on Jermaines-MacBook-Pro.local): Server running on port 4000
[2025-04-06 8:49:34] INFO (5040 on Jermaines-MacBook-Pro.local): Redis Connected!
[2025-04-06 8:49:34] INFO (5040 on Jermaines-MacBook-Pro.local): [AMQP] connected
[2025-04-06 8:49:34] INFO (5040 on Jermaines-MacBook-Pro.local): Journal entry queue worker has started
[2025-04-06 8:51:35] INFO (6053 on Jermaines-MacBook-Pro.local): Server running on port 4000
[2025-04-06 8:51:35] INFO (6053 on Jermaines-MacBook-Pro.local): Redis Connected!
[2025-04-06 8:51:35] INFO (6053 on Jermaines-MacBook-Pro.local): [AMQP] connected
[2025-04-06 8:51:35] INFO (6053 on Jermaines-MacBook-Pro.local): Journal entry queue worker has started
[2025-04-06 8:51:56] INFO (6322 on Jermaines-MacBook-Pro.local): Server running on port 4000
[2025-04-06 8:51:56] INFO (6322 on Jermaines-MacBook-Pro.local): Redis Connected!
[2025-04-06 8:51:56] INFO (6322 on Jermaines-MacBook-Pro.local): [AMQP] connected
[2025-04-06 8:51:56] INFO (6322 on Jermaines-MacBook-Pro.local): Journal entry queue worker has started
[2025-04-06 8:52:11] INFO (6455 on Jermaines-MacBook-Pro.local): Server running on port 4000
[2025-04-06 8:52:11] INFO (6455 on Jermaines-MacBook-Pro.local): Redis Connected!
[2025-04-06 8:52:11] INFO (6455 on Jermaines-MacBook-Pro.local): [AMQP] connected
[2025-04-06 8:52:11] INFO (6455 on Jermaines-MacBook-Pro.local): Journal entry queue worker has started
[2025-04-06 8:52:30] INFO (6614 on Jermaines-MacBook-Pro.local): Server running on port 4000
[2025-04-06 8:52:30] INFO (6614 on Jermaines-MacBook-Pro.local): Redis Connected!
[2025-04-06 8:52:30] INFO (6614 on Jermaines-MacBook-Pro.local): [AMQP] connected
[2025-04-06 8:52:30] INFO (6614 on Jermaines-MacBook-Pro.local): Journal entry queue worker has started
[2025-04-06 8:58:43] INFO (8834 on Jermaines-MacBook-Pro.local): Server running on port 4000
[2025-04-06 8:58:43] INFO (8834 on Jermaines-MacBook-Pro.local): Redis Connected!
[2025-04-06 8:58:43] INFO (8834 on Jermaines-MacBook-Pro.local): [AMQP] connected
[2025-04-06 8:58:43] INFO (8834 on Jermaines-MacBook-Pro.local): Journal entry queue worker has started
[2025-04-06 9:05:34] INFO (11587 on Jermaines-MacBook-Pro.local): Server running on port 4000
[2025-04-06 9:05:34] INFO (11587 on Jermaines-MacBook-Pro.local): Redis Connected!
[2025-04-06 9:05:34] INFO (11587 on Jermaines-MacBook-Pro.local): [AMQP] connected
[2025-04-06 9:05:34] INFO (11587 on Jermaines-MacBook-Pro.local): Journal entry queue worker has started
[2025-04-06 9:05:37] INFO (11646 on Jermaines-MacBook-Pro.local): Server running on port 4000
[2025-04-06 9:05:37] INFO (11646 on Jermaines-MacBook-Pro.local): Redis Connected!
[2025-04-06 9:05:37] INFO (11646 on Jermaines-MacBook-Pro.local): [AMQP] connected
[2025-04-06 9:05:37] INFO (11646 on Jermaines-MacBook-Pro.local): Journal entry queue worker has started
[2025-04-06 9:13:13] INFO (16153 on Jermaines-MacBook-Pro.local): Server running on port 4000
[2025-04-06 9:13:14] INFO (16153 on Jermaines-MacBook-Pro.local): Redis Connected!
[2025-04-06 9:13:14] INFO (16153 on Jermaines-MacBook-Pro.local): [AMQP] connected
[2025-04-06 9:13:14] INFO (16153 on Jermaines-MacBook-Pro.local): Journal entry queue worker has started
[2025-04-06 9:13:17] INFO (16222 on Jermaines-MacBook-Pro.local): Server running on port 4000
[2025-04-06 9:13:17] INFO (16222 on Jermaines-MacBook-Pro.local): Redis Connected!
[2025-04-06 9:13:17] INFO (16222 on Jermaines-MacBook-Pro.local): [AMQP] connected
[2025-04-06 9:13:17] INFO (16222 on Jermaines-MacBook-Pro.local): Journal entry queue worker has started
[2025-04-06 9:15:21] INFO (17380 on Jermaines-MacBook-Pro.local): Server running on port 4000
[2025-04-06 9:15:21] INFO (17380 on Jermaines-MacBook-Pro.local): Redis Connected!
[2025-04-06 9:15:21] INFO (17380 on Jermaines-MacBook-Pro.local): [AMQP] connected
[2025-04-06 9:15:21] INFO (17380 on Jermaines-MacBook-Pro.local): Journal entry queue worker has started
[2025-04-06 9:15:25] INFO (17445 on Jermaines-MacBook-Pro.local): Server running on port 4000
[2025-04-06 9:15:25] INFO (17445 on Jermaines-MacBook-Pro.local): Redis Connected!
[2025-04-06 9:15:25] INFO (17445 on Jermaines-MacBook-Pro.local): [AMQP] connected
[2025-04-06 9:15:25] INFO (17445 on Jermaines-MacBook-Pro.local): Journal entry queue worker has started
[2025-04-06 9:15:28] INFO (17510 on Jermaines-MacBook-Pro.local): Server running on port 4000
[2025-04-06 9:15:28] INFO (17510 on Jermaines-MacBook-Pro.local): Redis Connected!
[2025-04-06 9:15:28] INFO (17510 on Jermaines-MacBook-Pro.local): [AMQP] connected
[2025-04-06 9:15:28] INFO (17510 on Jermaines-MacBook-Pro.local): Journal entry queue worker has started
[2025-04-06 9:16:20] INFO (17874 on Jermaines-MacBook-Pro.local): Server running on port 4000
[2025-04-06 9:16:20] INFO (17874 on Jermaines-MacBook-Pro.local): Redis Connected!
[2025-04-06 9:16:20] INFO (17874 on Jermaines-MacBook-Pro.local): [AMQP] connected
[2025-04-06 9:16:20] INFO (17874 on Jermaines-MacBook-Pro.local): Journal entry queue worker has started
[2025-04-06 9:16:25] INFO (17950 on Jermaines-MacBook-Pro.local): Server running on port 4000
[2025-04-06 9:16:25] INFO (17950 on Jermaines-MacBook-Pro.local): Redis Connected!
[2025-04-06 9:16:25] INFO (17950 on Jermaines-MacBook-Pro.local): [AMQP] connected
[2025-04-06 9:16:25] INFO (17950 on Jermaines-MacBook-Pro.local): Journal entry queue worker has started
[2025-04-06 9:17:44] INFO (18460 on Jermaines-MacBook-Pro.local): Server running on port 4000
[2025-04-06 9:17:44] INFO (18460 on Jermaines-MacBook-Pro.local): Redis Connected!
[2025-04-06 9:17:44] INFO (18460 on Jermaines-MacBook-Pro.local): [AMQP] connected
[2025-04-06 9:17:44] INFO (18460 on Jermaines-MacBook-Pro.local): Journal entry queue worker has started
[2025-04-06 9:17:47] INFO (18528 on Jermaines-MacBook-Pro.local): Server running on port 4000
[2025-04-06 9:17:47] INFO (18528 on Jermaines-MacBook-Pro.local): Redis Connected!
[2025-04-06 9:17:47] INFO (18528 on Jermaines-MacBook-Pro.local): [AMQP] connected
[2025-04-06 9:17:47] INFO (18528 on Jermaines-MacBook-Pro.local): Journal entry queue worker has started
[2025-04-06 9:20:23] INFO (19648 on Jermaines-MacBook-Pro.local): Server running on port 4000
[2025-04-06 9:20:23] INFO (19648 on Jermaines-MacBook-Pro.local): Redis Connected!
[2025-04-06 9:20:23] INFO (19648 on Jermaines-MacBook-Pro.local): [AMQP] connected
[2025-04-06 9:20:23] INFO (19648 on Jermaines-MacBook-Pro.local): Journal entry queue worker has started
[2025-04-06 9:20:50] INFO (19857 on Jermaines-MacBook-Pro.local): Server running on port 4000
[2025-04-06 9:20:50] INFO (19857 on Jermaines-MacBook-Pro.local): Redis Connected!
[2025-04-06 9:20:50] INFO (19857 on Jermaines-MacBook-Pro.local): [AMQP] connected
[2025-04-06 9:20:50] INFO (19857 on Jermaines-MacBook-Pro.local): Journal entry queue worker has started
[2025-04-06 9:20:53] INFO (19922 on Jermaines-MacBook-Pro.local): Server running on port 4000
[2025-04-06 9:20:53] INFO (19922 on Jermaines-MacBook-Pro.local): Redis Connected!
[2025-04-06 9:20:53] INFO (19922 on Jermaines-MacBook-Pro.local): [AMQP] connected
[2025-04-06 9:20:53] INFO (19922 on Jermaines-MacBook-Pro.local): Journal entry queue worker has started
[2025-04-06 9:20:55] INFO (19972 on Jermaines-MacBook-Pro.local): Server running on port 4000
[2025-04-06 9:20:55] INFO (19972 on Jermaines-MacBook-Pro.local): Redis Connected!
[2025-04-06 9:20:55] INFO (19972 on Jermaines-MacBook-Pro.local): [AMQP] connected
[2025-04-06 9:20:55] INFO (19972 on Jermaines-MacBook-Pro.local): Journal entry queue worker has started
[2025-04-06 9:21:00] INFO (20042 on Jermaines-MacBook-Pro.local): Server running on port 4000
[2025-04-06 9:21:00] INFO (20042 on Jermaines-MacBook-Pro.local): Redis Connected!
[2025-04-06 9:21:00] INFO (20042 on Jermaines-MacBook-Pro.local): [AMQP] connected
[2025-04-06 9:21:00] INFO (20042 on Jermaines-MacBook-Pro.local): Journal entry queue worker has started
[2025-04-06 9:21:05] INFO (20139 on Jermaines-MacBook-Pro.local): Server running on port 4000
[2025-04-06 9:21:05] INFO (20139 on Jermaines-MacBook-Pro.local): Redis Connected!
[2025-04-06 9:21:06] INFO (20139 on Jermaines-MacBook-Pro.local): [AMQP] connected
[2025-04-06 9:21:06] INFO (20139 on Jermaines-MacBook-Pro.local): Journal entry queue worker has started
[2025-04-06 9:21:09] INFO (20206 on Jermaines-MacBook-Pro.local): Server running on port 4000
[2025-04-06 9:21:09] INFO (20206 on Jermaines-MacBook-Pro.local): Redis Connected!
[2025-04-06 9:21:09] INFO (20206 on Jermaines-MacBook-Pro.local): [AMQP] connected
[2025-04-06 9:21:09] INFO (20206 on Jermaines-MacBook-Pro.local): Journal entry queue worker has started
[2025-04-06 9:21:16] INFO (20291 on Jermaines-MacBook-Pro.local): Server running on port 4000
[2025-04-06 9:21:16] INFO (20291 on Jermaines-MacBook-Pro.local): Redis Connected!
[2025-04-06 9:21:16] INFO (20291 on Jermaines-MacBook-Pro.local): [AMQP] connected
[2025-04-06 9:21:16] INFO (20291 on Jermaines-MacBook-Pro.local): Journal entry queue worker has started
[2025-04-06 9:27:13] INFO (22437 on Jermaines-MacBook-Pro.local): Server running on port 4000
[2025-04-06 9:27:13] INFO (22437 on Jermaines-MacBook-Pro.local): Redis Connected!
[2025-04-06 9:27:13] INFO (22437 on Jermaines-MacBook-Pro.local): [AMQP] connected
[2025-04-06 9:27:13] INFO (22437 on Jermaines-MacBook-Pro.local): Journal entry queue worker has started
[2025-04-06 9:27:26] INFO (22557 on Jermaines-MacBook-Pro.local): Server running on port 4000
[2025-04-06 9:27:26] INFO (22557 on Jermaines-MacBook-Pro.local): Redis Connected!
[2025-04-06 9:27:26] INFO (22557 on Jermaines-MacBook-Pro.local): [AMQP] connected
[2025-04-06 9:27:26] INFO (22557 on Jermaines-MacBook-Pro.local): Journal entry queue worker has started
[2025-04-06 9:28:40] INFO (23067 on Jermaines-MacBook-Pro.local): Server running on port 4000
[2025-04-06 9:28:40] INFO (23067 on Jermaines-MacBook-Pro.local): Redis Connected!
[2025-04-06 9:28:40] INFO (23067 on Jermaines-MacBook-Pro.local): [AMQP] connected
[2025-04-06 9:28:40] INFO (23067 on Jermaines-MacBook-Pro.local): Journal entry queue worker has started
[2025-04-06 9:32:20] INFO (24562 on Jermaines-MacBook-Pro.local): Server running on port 4000
[2025-04-06 9:32:20] INFO (24562 on Jermaines-MacBook-Pro.local): Redis Connected!
[2025-04-06 9:32:20] INFO (24562 on Jermaines-MacBook-Pro.local): [AMQP] connected
[2025-04-06 9:32:21] INFO (24562 on Jermaines-MacBook-Pro.local): Journal entry queue worker has started
[2025-04-06 9:34:45] INFO (25506 on Jermaines-MacBook-Pro.local): Server running on port 4000
[2025-04-06 9:34:45] INFO (25506 on Jermaines-MacBook-Pro.local): Redis Connected!
[2025-04-06 9:34:45] INFO (25506 on Jermaines-MacBook-Pro.local): [AMQP] connected
[2025-04-06 9:34:45] INFO (25506 on Jermaines-MacBook-Pro.local): Journal entry queue worker has started
[2025-04-06 9:35:47] INFO (26010 on Jermaines-MacBook-Pro.local): Server running on port 4000
[2025-04-06 9:35:47] INFO (26010 on Jermaines-MacBook-Pro.local): Redis Connected!
[2025-04-06 9:35:47] INFO (26010 on Jermaines-MacBook-Pro.local): [AMQP] connected
[2025-04-06 9:35:47] INFO (26010 on Jermaines-MacBook-Pro.local): Journal entry queue worker has started
[2025-04-06 9:35:55] INFO (26160 on Jermaines-MacBook-Pro.local): Server running on port 4000
[2025-04-06 9:35:55] INFO (26160 on Jermaines-MacBook-Pro.local): Redis Connected!
[2025-04-06 9:35:55] INFO (26160 on Jermaines-MacBook-Pro.local): [AMQP] connected
[2025-04-06 9:35:55] INFO (26160 on Jermaines-MacBook-Pro.local): Journal entry queue worker has started
[2025-04-06 9:36:01] INFO (26247 on Jermaines-MacBook-Pro.local): Server running on port 4000
[2025-04-06 9:36:01] INFO (26247 on Jermaines-MacBook-Pro.local): Redis Connected!
[2025-04-06 9:36:01] INFO (26247 on Jermaines-MacBook-Pro.local): [AMQP] connected
[2025-04-06 9:36:01] INFO (26247 on Jermaines-MacBook-Pro.local): Journal entry queue worker has started
[2025-04-06 10:22:38] INFO (44726 on Jermaines-MacBook-Pro.local): Server running on port 4000
[2025-04-06 10:22:38] INFO (44726 on Jermaines-MacBook-Pro.local): Redis Connected!
[2025-04-06 10:22:38] INFO (44726 on Jermaines-MacBook-Pro.local): [AMQP] connected
[2025-04-06 10:22:38] INFO (44726 on Jermaines-MacBook-Pro.local): Journal entry queue worker has started
